<?xml version="1.0" encoding="UTF-8"?>
<robot generator="Robot 7.1.1 (Python 3.13.1 on win32)" generated="2025-02-20T17:05:31.535790" rpa="false" schemaversion="5">
<suite id="s1" name="Swag" source="D:\automate\intro\Workshop Automate\swag\swag.robot">
<kw name="Set Selenium Speed" owner="SeleniumLibrary" type="SETUP">
<arg>0.3s</arg>
<doc>Sets the delay that is waited after each Selenium command.</doc>
<status status="PASS" start="2025-02-20T17:05:32.012977" elapsed="0.000394"/>
</kw>
<test id="s1-t1" name="SWAG-005" line="74">
<kw name="Open web browser" type="SETUP">
<kw name="Open Browser" owner="SeleniumLibrary">
<msg time="2025-02-20T17:05:32.015442" level="INFO">Opening browser 'chrome' to base url 'https://www.saucedemo.com/'.</msg>
<arg>${Url}</arg>
<arg>${Browser}</arg>
<doc>Opens a new browser instance to the optional ``url``.</doc>
<status status="PASS" start="2025-02-20T17:05:32.015112" elapsed="2.288870"/>
</kw>
<kw name="Maximize Browser Window" owner="SeleniumLibrary">
<doc>Maximizes current browser window.</doc>
<status status="PASS" start="2025-02-20T17:05:34.304326" elapsed="0.336684"/>
</kw>
<status status="PASS" start="2025-02-20T17:05:32.014462" elapsed="2.626788"/>
</kw>
<kw name="login-Pass">
<kw name="Input Text" owner="SeleniumLibrary">
<msg time="2025-02-20T17:05:34.642812" level="INFO">Typing text 'standard_user' into text field 'id=user-name'.</msg>
<arg>${user}</arg>
<arg>standard_user</arg>
<doc>Types the given ``text`` into the text field identified by ``locator``.</doc>
<status status="PASS" start="2025-02-20T17:05:34.642370" elapsed="1.031785"/>
</kw>
<kw name="Input Password" owner="SeleniumLibrary">
<msg time="2025-02-20T17:05:35.674832" level="INFO">Typing password into text field 'id=password'.</msg>
<msg time="2025-02-20T17:05:36.319739" level="INFO">Temporally setting log level to: NONE</msg>
<arg>${password}</arg>
<arg>secret_sauce</arg>
<doc>Types the given password into the text field identified by ``locator``.</doc>
<status status="PASS" start="2025-02-20T17:05:35.674460" elapsed="1.015361"/>
</kw>
<kw name="Click Element" owner="SeleniumLibrary">
<msg time="2025-02-20T17:05:36.690180" level="INFO">Clicking element '//*[@id="login-button"]'.</msg>
<arg>locator=//*[@id="login-button"]</arg>
<doc>Click the element identified by ``locator``.</doc>
<status status="PASS" start="2025-02-20T17:05:36.690001" elapsed="0.718913"/>
</kw>
<status status="PASS" start="2025-02-20T17:05:34.641980" elapsed="2.767203"/>
</kw>
<kw name="Add to cart">
<kw name="Click Element" owner="SeleniumLibrary">
<msg time="2025-02-20T17:05:37.410731" level="INFO">Clicking element 'xpath=//*[@id="add-to-cart-sauce-labs-backpack"]'.</msg>
<arg>xpath=//*[@id="add-to-cart-sauce-labs-backpack"]</arg>
<doc>Click the element identified by ``locator``.</doc>
<status status="PASS" start="2025-02-20T17:05:37.410401" elapsed="0.674583"/>
</kw>
<status status="PASS" start="2025-02-20T17:05:37.409843" elapsed="0.675366"/>
</kw>
<kw name="Click Element" owner="SeleniumLibrary">
<msg time="2025-02-20T17:05:38.085801" level="INFO">Clicking element 'xpath=//*[@id="shopping_cart_container"]/a'.</msg>
<arg>xpath=//*[@id="shopping_cart_container"]/a</arg>
<doc>Click the element identified by ``locator``.</doc>
<status status="PASS" start="2025-02-20T17:05:38.085601" elapsed="0.673878"/>
</kw>
<kw name="Sleep" owner="BuiltIn">
<msg time="2025-02-20T17:05:40.760783" level="INFO">Slept 2 seconds.</msg>
<arg>2s</arg>
<doc>Pauses the test executed for the given time.</doc>
<status status="PASS" start="2025-02-20T17:05:38.759945" elapsed="2.001010"/>
</kw>
<kw name="Wait Until Page Contains" owner="SeleniumLibrary">
<arg>Sauce Labs Backpack</arg>
<doc>Waits until ``text`` appears on the current page.</doc>
<status status="PASS" start="2025-02-20T17:05:40.761604" elapsed="0.314931"/>
</kw>
<kw name="Verify price of goods">
<kw name="Get Text" owner="SeleniumLibrary">
<msg time="2025-02-20T17:05:41.707819" level="INFO">${price} = $29.99</msg>
<var>${price}</var>
<arg>${locator_price}</arg>
<doc>Returns the text value of the element identified by ``locator``.</doc>
<status status="PASS" start="2025-02-20T17:05:41.077720" elapsed="0.630219"/>
</kw>
<kw name="Should Be Equal As Strings" owner="BuiltIn">
<arg>${price}</arg>
<arg>$29.99</arg>
<doc>Fails if objects are unequal after converting them to strings.</doc>
<status status="PASS" start="2025-02-20T17:05:41.708275" elapsed="0.000417"/>
</kw>
<status status="PASS" start="2025-02-20T17:05:41.077236" elapsed="0.631637"/>
</kw>
<kw name="Click Element" owner="SeleniumLibrary">
<msg time="2025-02-20T17:05:41.709797" level="INFO">Clicking element 'xpath=//*[@id="checkout"]'.</msg>
<arg>xpath=//*[@id="checkout"]</arg>
<doc>Click the element identified by ``locator``.</doc>
<status status="PASS" start="2025-02-20T17:05:41.709428" elapsed="0.683547"/>
</kw>
<kw name="Checkout">
<kw name="Input Text" owner="SeleniumLibrary">
<msg time="2025-02-20T17:05:42.394339" level="INFO">Typing text 'automate' into text field 'id=first-name'.</msg>
<arg>${firstname}</arg>
<arg>automate</arg>
<doc>Types the given ``text`` into the text field identified by ``locator``.</doc>
<status status="PASS" start="2025-02-20T17:05:42.394143" elapsed="1.023591"/>
</kw>
<kw name="Input Text" owner="SeleniumLibrary">
<msg time="2025-02-20T17:05:43.418128" level="INFO">Typing text 'test' into text field 'id=last-name'.</msg>
<arg>${lastname}</arg>
<arg>test</arg>
<doc>Types the given ``text`` into the text field identified by ``locator``.</doc>
<status status="PASS" start="2025-02-20T17:05:43.417926" elapsed="1.009469"/>
</kw>
<kw name="Input Text" owner="SeleniumLibrary">
<msg time="2025-02-20T17:05:44.428243" level="INFO">Typing text '12345' into text field 'id=postal-code'.</msg>
<arg>${zip/postcode}</arg>
<arg>12345</arg>
<doc>Types the given ``text`` into the text field identified by ``locator``.</doc>
<status status="PASS" start="2025-02-20T17:05:44.427796" elapsed="1.015221"/>
</kw>
<kw name="Click Element" owner="SeleniumLibrary">
<msg time="2025-02-20T17:05:45.443586" level="INFO">Clicking element 'xpath=//*[@id="continue"]'.</msg>
<arg>xpath=//*[@id="continue"]</arg>
<doc>Click the element identified by ``locator``.</doc>
<status status="PASS" start="2025-02-20T17:05:45.443302" elapsed="0.716022"/>
</kw>
<status status="PASS" start="2025-02-20T17:05:42.393668" elapsed="3.765937"/>
</kw>
<kw name="verify">
<kw name="Verify goods in cart">
<kw name="Get Text" owner="SeleniumLibrary">
<msg time="2025-02-20T17:05:46.787564" level="INFO">${txt} = </msg>
<var>${txt}</var>
<arg>${goods}</arg>
<doc>Returns the text value of the element identified by ``locator``.</doc>
<status status="PASS" start="2025-02-20T17:05:46.163102" elapsed="0.624564"/>
</kw>
<kw name="Should Be Equal As Strings" owner="BuiltIn">
<arg>${txt}</arg>
<arg>${price}</arg>
<doc>Fails if objects are unequal after converting them to strings.</doc>
<status status="PASS" start="2025-02-20T17:05:46.787948" elapsed="0.000413"/>
</kw>
<arg>goods=${EMPTY}</arg>
<arg>price=${EMPTY}</arg>
<status status="PASS" start="2025-02-20T17:05:46.161649" elapsed="0.626866"/>
</kw>
<status status="PASS" start="2025-02-20T17:05:46.160967" elapsed="0.627627"/>
</kw>
<kw name="Click Element" owner="SeleniumLibrary">
<msg time="2025-02-20T17:05:46.789178" level="INFO">Clicking element 'xpath=//*[@id="finish"]'.</msg>
<arg>xpath=//*[@id="finish"]</arg>
<doc>Click the element identified by ``locator``.</doc>
<status status="PASS" start="2025-02-20T17:05:46.788928" elapsed="0.677421"/>
</kw>
<kw name="Sleep" owner="BuiltIn">
<msg time="2025-02-20T17:05:49.467614" level="INFO">Slept 2 seconds.</msg>
<arg>2s</arg>
<doc>Pauses the test executed for the given time.</doc>
<status status="PASS" start="2025-02-20T17:05:47.466899" elapsed="2.000903"/>
</kw>
<kw name="Wait Until Page Contains" owner="SeleniumLibrary">
<arg>Thank you for your order!</arg>
<doc>Waits until ``text`` appears on the current page.</doc>
<status status="PASS" start="2025-02-20T17:05:49.468460" elapsed="0.311282"/>
</kw>
<kw name="Close Browser" owner="SeleniumLibrary" type="TEARDOWN">
<doc>Closes the current browser.</doc>
<status status="PASS" start="2025-02-20T17:05:49.780879" elapsed="2.413680"/>
</kw>
<status status="PASS" start="2025-02-20T17:05:32.013517" elapsed="20.181340"/>
</test>
<kw name="Close All Browsers" owner="SeleniumLibrary" type="TEARDOWN">
<doc>Closes all open browsers and resets the browser cache.</doc>
<status status="PASS" start="2025-02-20T17:05:52.196430" elapsed="0.000347"/>
</kw>
<status status="PASS" start="2025-02-20T17:05:31.537239" elapsed="20.659646"/>
</suite>
<statistics>
<total>
<stat pass="1" fail="0" skip="0">All Tests</stat>
</total>
<tag>
</tag>
<suite>
<stat pass="1" fail="0" skip="0" id="s1" name="Swag">Swag</stat>
</suite>
</statistics>
<errors>
</errors>
</robot>
